<?xml version="1.0" encoding="UTF-8"?>
<!-- Generated by org.testng.reporters.JUnitReportReporter -->
<testsuite hostname="DESKTOP-IUO30HJ" failures="0" tests="2" name="TestNG.Example5_Keyword5_dependsOnMethod" time="0.027" errors="0" timestamp="2024-06-21T17:07:28 IST" skipped="0">
  <testcase classname="TestNG.Example5_Keyword5_dependsOnMethod" name="login" time="0.023">
    <system-out>
      <![CDATA[Running login TC]]>
    </system-out>
  </testcase> <!-- login -->
  <testcase classname="TestNG.Example5_Keyword5_dependsOnMethod" name="logout" time="0.004">
    <system-out>
      <![CDATA[Running logout TC]]>
    </system-out>
  </testcase> <!-- logout -->
  <system-out>
    <![CDATA[Running login TC
Running logout TC]]>
  </system-out>
</testsuite> <!-- TestNG.Example5_Keyword5_dependsOnMethod -->
