<?xml version="1.0" encoding="UTF-8"?>
<!-- Generated by org.testng.reporters.JUnitReportReporter -->
<testsuite hostname="DESKTOP-IUO30HJ" failures="0" tests="2" name="TestNG.Example3_EmailableReport" time="0.038" errors="0" timestamp="2024-06-18T23:27:11 IST" skipped="0">
  <testcase classname="TestNG.Example3_EmailableReport" name="TC1" time="0.030">
    <system-out>
      <![CDATA[running test case 1]]>
    </system-out>
  </testcase> <!-- TC1 -->
  <testcase classname="TestNG.Example3_EmailableReport" name="TC2" time="0.008">
    <system-out>
      <![CDATA[Running TC2]]>
    </system-out>
  </testcase> <!-- TC2 -->
  <system-out>
    <![CDATA[running test case 1
Running TC2]]>
  </system-out>
</testsuite> <!-- TestNG.Example3_EmailableReport -->
