<?xml version="1.0" encoding="UTF-8"?>
<!-- Generated by org.testng.reporters.JUnitReportReporter -->
<testsuite hostname="DESKTOP-IUO30HJ" failures="0" tests="6" name="TestNG.Example5_Keyword3_priority2" time="0.053" errors="0" timestamp="2024-06-21T17:01:10 IST" skipped="0">
  <testcase classname="TestNG.Example5_Keyword3_priority2" name="TC6" time="0.024">
    <system-out>
      <![CDATA[****Running TC6***]]>
    </system-out>
  </testcase> <!-- TC6 -->
  <testcase classname="TestNG.Example5_Keyword3_priority2" name="TC5" time="0.011">
    <system-out>
      <![CDATA[****Running TC5***]]>
    </system-out>
  </testcase> <!-- TC5 -->
  <testcase classname="TestNG.Example5_Keyword3_priority2" name="TC4" time="0.006">
    <system-out>
      <![CDATA[***Running TC4*****]]>
    </system-out>
  </testcase> <!-- TC4 -->
  <testcase classname="TestNG.Example5_Keyword3_priority2" name="TC2" time="0.006">
    <system-out>
      <![CDATA[****Running TC2***]]>
    </system-out>
  </testcase> <!-- TC2 -->
  <testcase classname="TestNG.Example5_Keyword3_priority2" name="TC3" time="0.003">
    <system-out>
      <![CDATA[****Running TC3***]]>
    </system-out>
  </testcase> <!-- TC3 -->
  <testcase classname="TestNG.Example5_Keyword3_priority2" name="TC1" time="0.003">
    <system-out>
      <![CDATA[***Running TC1*****]]>
    </system-out>
  </testcase> <!-- TC1 -->
  <system-out>
    <![CDATA[****Running TC6***
***Running TC4*****
****Running TC5***
****Running TC2***
****Running TC3***
***Running TC1*****]]>
  </system-out>
</testsuite> <!-- TestNG.Example5_Keyword3_priority2 -->
