<?xml version="1.0" encoding="UTF-8"?>
<!-- Generated by org.testng.reporters.JUnitReportReporter -->
<testsuite hostname="DESKTOP-IUO30HJ" failures="0" tests="3" name="TestNG.Example5_Keyword2_EnableFalse" time="0.117" errors="0" timestamp="2024-06-20T15:39:06 IST" skipped="2">
  <testcase classname="TestNG.Example5_Keyword2_EnableFalse" name="TC1" time="0.117">
    <system-out>
      <![CDATA[***Running TC1*****]]>
    </system-out>
  </testcase> <!-- TC1 -->
  <testcase classname="TestNG.Example5_Keyword2_EnableFalse" name="TC2">
    <skipped/>
  </testcase> <!-- TC2 -->
  <testcase classname="TestNG.Example5_Keyword2_EnableFalse" name="TC3">
    <skipped/>
  </testcase> <!-- TC3 -->
  <system-out>
    <![CDATA[***Running TC1*****]]>
  </system-out>
</testsuite> <!-- TestNG.Example5_Keyword2_EnableFalse -->
