<?xml version="1.0" encoding="UTF-8"?>
<!-- Generated by org.testng.reporters.JUnitReportReporter -->
<testsuite hostname="DESKTOP-IUO30HJ" failures="0" tests="10" name="TestNG.Example5_Keyword1_invocationCount" time="0.065" errors="0" timestamp="2024-06-20T15:31:21 IST" skipped="0">
  <testcase classname="TestNG.Example5_Keyword1_invocationCount" name="TC1" time="0.005">
    <system-out>
      <![CDATA[---running TC1--]]>
    </system-out>
  </testcase> <!-- TC1 -->
  <testcase classname="TestNG.Example5_Keyword1_invocationCount" name="TC1" time="0.002">
    <system-out>
      <![CDATA[---running TC1--]]>
    </system-out>
  </testcase> <!-- TC1 -->
  <testcase classname="TestNG.Example5_Keyword1_invocationCount" name="TC1" time="0.005">
    <system-out>
      <![CDATA[---running TC1--]]>
    </system-out>
  </testcase> <!-- TC1 -->
  <testcase classname="TestNG.Example5_Keyword1_invocationCount" name="TC1" time="0.002">
    <system-out>
      <![CDATA[---running TC1--]]>
    </system-out>
  </testcase> <!-- TC1 -->
  <testcase classname="TestNG.Example5_Keyword1_invocationCount" name="TC1" time="0.002">
    <system-out>
      <![CDATA[---running TC1--]]>
    </system-out>
  </testcase> <!-- TC1 -->
  <testcase classname="TestNG.Example5_Keyword1_invocationCount" name="TC1" time="0.025">
    <system-out>
      <![CDATA[---running TC1--]]>
    </system-out>
  </testcase> <!-- TC1 -->
  <testcase classname="TestNG.Example5_Keyword1_invocationCount" name="TC1" time="0.014">
    <system-out>
      <![CDATA[---running TC1--]]>
    </system-out>
  </testcase> <!-- TC1 -->
  <testcase classname="TestNG.Example5_Keyword1_invocationCount" name="TC1" time="0.003">
    <system-out>
      <![CDATA[---running TC1--]]>
    </system-out>
  </testcase> <!-- TC1 -->
  <testcase classname="TestNG.Example5_Keyword1_invocationCount" name="TC1" time="0.006">
    <system-out>
      <![CDATA[---running TC1--]]>
    </system-out>
  </testcase> <!-- TC1 -->
  <testcase classname="TestNG.Example5_Keyword1_invocationCount" name="TC1" time="0.001">
    <system-out>
      <![CDATA[---running TC1--]]>
    </system-out>
  </testcase> <!-- TC1 -->
  <system-out>
    <![CDATA[---running TC1--
---running TC1--
---running TC1--
---running TC1--
---running TC1--
---running TC1--
---running TC1--
---running TC1--
---running TC1--
---running TC1--]]>
  </system-out>
</testsuite> <!-- TestNG.Example5_Keyword1_invocationCount -->
