<?xml version="1.0" encoding="UTF-8"?>
<!-- Generated by org.testng.reporters.JUnitReportReporter -->
<testsuite hostname="DESKTOP-IUO30HJ" failures="0" tests="2" name="TestNG.Example11_parallel3" time="71.203" errors="0" timestamp="2024-06-26T18:56:04 IST" skipped="0">
  <testcase classname="TestNG.Example11_parallel3" name="openFacebookApp" time="71.170">
    <system-out>
      <![CDATA[Open Facebook App]]>
    </system-out>
  </testcase> <!-- openFacebookApp -->
  <testcase classname="TestNG.Example11_parallel3" name="TC3" time="0.033">
    <system-out>
      <![CDATA[running TC3]]>
    </system-out>
  </testcase> <!-- TC3 -->
  <system-out>
    <![CDATA[running TC1
running TC3
running TC2
Open Facebook App
Open Facebook App
Open Facebook App]]>
  </system-out>
</testsuite> <!-- TestNG.Example11_parallel3 -->
