<?xml version="1.0" encoding="UTF-8"?>
<!-- Generated by org.testng.reporters.JUnitReportReporter -->
<testsuite hostname="DESKTOP-IUO30HJ" failures="0" tests="2" name="TestNG.Example4_Annotations" time="0.034" errors="0" timestamp="2024-06-20T15:03:59 IST" skipped="0">
  <testcase classname="TestNG.Example4_Annotations" name="verifylogo2" time="0.017">
    <system-out>
      <![CDATA[Running verifylogo2 TC]]>
    </system-out>
  </testcase> <!-- verifylogo2 -->
  <testcase classname="TestNG.Example4_Annotations" name="verifylogo1" time="0.017">
    <system-out>
      <![CDATA[Running verifylogo1 TC]]>
    </system-out>
  </testcase> <!-- verifylogo1 -->
  <system-out>
    <![CDATA[*****Open browser******
------Login to App
Running verifylogo1 TC
-----Logout from App-----
------Login to App
Running verifylogo2 TC
-----Logout from App-----
*********Close browser*****]]>
  </system-out>
</testsuite> <!-- TestNG.Example4_Annotations -->
