<?xml version="1.0" encoding="UTF-8"?>
<!-- Generated by org.testng.reporters.JUnitReportReporter -->
<testsuite hostname="DESKTOP-IUO30HJ" failures="0" tests="1" name="TestNG.Example5_Keyword4_Timeout" time="0.050" errors="0" timestamp="2024-06-21T17:02:08 IST" skipped="0">
  <testcase classname="TestNG.Example5_Keyword4_Timeout" name="TC1" time="0.050">
    <system-out>
      <![CDATA[running TC1]]>
    </system-out>
  </testcase> <!-- TC1 -->
  <system-out>
    <![CDATA[running TC1]]>
  </system-out>
</testsuite> <!-- TestNG.Example5_Keyword4_Timeout -->
