<?xml version="1.0" encoding="UTF-8"?>
<!-- Generated by org.testng.reporters.JUnitReportReporter -->
<testsuite hostname="DESKTOP-IUO30HJ" failures="0" tests="3" name="TestNG.Example10_Sample2" time="0.009" errors="0" timestamp="2024-06-26T18:34:41 IST" skipped="0">
  <testcase classname="TestNG.Example10_Sample2" name="TC7" time="0.002">
    <system-out>
      <![CDATA[Running TC7]]>
    </system-out>
  </testcase> <!-- TC7 -->
  <testcase classname="TestNG.Example10_Sample2" name="TC5" time="0.004">
    <system-out>
      <![CDATA[Running TC5]]>
    </system-out>
  </testcase> <!-- TC5 -->
  <testcase classname="TestNG.Example10_Sample2" name="TC6" time="0.003">
    <system-out>
      <![CDATA[Running TC6]]>
    </system-out>
  </testcase> <!-- TC6 -->
  <system-out>
    <![CDATA[Running TC1
Running TC2
Running TC3
Running TC5
Running TC6
Running TC7]]>
  </system-out>
</testsuite> <!-- TestNG.Example10_Sample2 -->
