<?xml version="1.0" encoding="UTF-8"?>
<!-- Generated by org.testng.reporters.JUnitReportReporter -->
<testsuite hostname="DESKTOP-IUO30HJ" failures="0" tests="2" name="TestNG.Example11_parallel1" time="69.080" errors="0" timestamp="2024-06-26T18:56:04 IST" skipped="0">
  <testcase classname="TestNG.Example11_parallel1" name="openFacebookApp" time="69.046">
    <system-out>
      <![CDATA[Open Facebook App]]>
    </system-out>
  </testcase> <!-- openFacebookApp -->
  <testcase classname="TestNG.Example11_parallel1" name="TC1" time="0.034">
    <system-out>
      <![CDATA[running TC1]]>
    </system-out>
  </testcase> <!-- TC1 -->
  <system-out>
    <![CDATA[running TC1
running TC3
running TC2
Open Facebook App
Open Facebook App
Open Facebook App]]>
  </system-out>
</testsuite> <!-- TestNG.Example11_parallel1 -->
