<?xml version="1.0" encoding="UTF-8"?>
<!-- Generated by org.testng.reporters.JUnitReportReporter -->
<testsuite hostname="DESKTOP-IUO30HJ" failures="0" tests="3" name="TestNG.Example10_Sample1" time="0.036" errors="0" timestamp="2024-06-26T18:34:41 IST" skipped="0">
  <testcase classname="TestNG.Example10_Sample1" name="TC3" time="0.006">
    <system-out>
      <![CDATA[Running TC3]]>
    </system-out>
  </testcase> <!-- TC3 -->
  <testcase classname="TestNG.Example10_Sample1" name="TC1" time="0.025">
    <system-out>
      <![CDATA[Running TC1]]>
    </system-out>
  </testcase> <!-- TC1 -->
  <testcase classname="TestNG.Example10_Sample1" name="TC2" time="0.005">
    <system-out>
      <![CDATA[Running TC2]]>
    </system-out>
  </testcase> <!-- TC2 -->
  <system-out>
    <![CDATA[Running TC1
Running TC2
Running TC3
Running TC5
Running TC6
Running TC7]]>
  </system-out>
</testsuite> <!-- TestNG.Example10_Sample1 -->
