<?xml version="1.0" encoding="UTF-8"?>
<!-- Generated by org.testng.reporters.JUnitReportReporter -->
<testsuite hostname="DESKTOP-IUO30HJ" failures="0" tests="3" name="TestNG.Example5_Keyword3_priority1" time="0.035" errors="0" timestamp="2024-06-20T15:41:27 IST" skipped="0">
  <testcase classname="TestNG.Example5_Keyword3_priority1" name="TC3" time="0.025">
    <system-out>
      <![CDATA[****Running TC3***]]>
    </system-out>
  </testcase> <!-- TC3 -->
  <testcase classname="TestNG.Example5_Keyword3_priority1" name="TC2" time="0.004">
    <system-out>
      <![CDATA[****Running TC2***]]>
    </system-out>
  </testcase> <!-- TC2 -->
  <testcase classname="TestNG.Example5_Keyword3_priority1" name="TC1" time="0.006">
    <system-out>
      <![CDATA[***Running TC1*****]]>
    </system-out>
  </testcase> <!-- TC1 -->
  <system-out>
    <![CDATA[****Running TC3***
****Running TC2***
***Running TC1*****]]>
  </system-out>
</testsuite> <!-- TestNG.Example5_Keyword3_priority1 -->
