<?xml version="1.0" encoding="UTF-8"?>
<!-- Generated by org.testng.reporters.JUnitReportReporter -->
<testsuite hostname="DESKTOP-IUO30HJ" failures="0" tests="2" name="TestNG.Example11_parallel2" time="16.248" errors="0" timestamp="2024-06-26T18:59:48 IST" skipped="0">
  <testcase classname="TestNG.Example11_parallel2" name="openFacebookApp" time="16.226">
    <system-out>
      <![CDATA[Open Facebook App]]>
    </system-out>
  </testcase> <!-- openFacebookApp -->
  <testcase classname="TestNG.Example11_parallel2" name="TC2" time="0.022">
    <system-out>
      <![CDATA[running TC2]]>
    </system-out>
  </testcase> <!-- TC2 -->
  <system-out>
    <![CDATA[running TC2
Open Facebook App]]>
  </system-out>
</testsuite> <!-- TestNG.Example11_parallel2 -->
