<?xml version="1.0" encoding="UTF-8"?>
<!-- Generated by org.testng.reporters.JUnitReportReporter -->
<testsuite hostname="DESKTOP-IUO30HJ" failures="0" tests="1" name="TestNG.Example2_TestNG_TestClass" time="58.400" errors="0" timestamp="2024-06-18T23:22:11 IST" skipped="0">
  <testcase classname="TestNG.Example2_TestNG_TestClass" name="OpenFacebookApp" time="58.400"/>
</testsuite> <!-- TestNG.Example2_TestNG_TestClass -->
