<?xml version="1.0" encoding="UTF-8"?>
<!-- Generated by org.testng.reporters.JUnitReportReporter -->
<testsuite hostname="DESKTOP-IUO30HJ" failures="0" tests="3" name="TestNG.Example6_sample1" time="0.039" errors="0" timestamp="2024-06-21T17:15:26 IST" skipped="0">
  <testcase classname="TestNG.Example6_sample1" name="TC2" time="0.005">
    <system-out>
      <![CDATA[running TC2]]>
    </system-out>
  </testcase> <!-- TC2 -->
  <testcase classname="TestNG.Example6_sample1" name="TC3" time="0.010">
    <system-out>
      <![CDATA[running TC3]]>
    </system-out>
  </testcase> <!-- TC3 -->
  <testcase classname="TestNG.Example6_sample1" name="TC1" time="0.024">
    <system-out>
      <![CDATA[running TC1]]>
    </system-out>
  </testcase> <!-- TC1 -->
  <system-out>
    <![CDATA[running TC1
running TC2
running TC3
running TC4
running TC5
running TC6]]>
  </system-out>
</testsuite> <!-- TestNG.Example6_sample1 -->
