<?xml version="1.0" encoding="UTF-8"?>
<!-- Generated by org.testng.reporters.JUnitReportReporter -->
<testsuite hostname="DESKTOP-IUO30HJ" failures="0" tests="3" name="TestNG.Example5_Keyword5_dependOnMethod2" time="0.030" errors="0" timestamp="2024-06-21T17:08:59 IST" skipped="0">
  <testcase classname="TestNG.Example5_Keyword5_dependOnMethod2" name="login2" time="0.003">
    <system-out>
      <![CDATA[Running login2 TC]]>
    </system-out>
  </testcase> <!-- login2 -->
  <testcase classname="TestNG.Example5_Keyword5_dependOnMethod2" name="logout" time="0.007">
    <system-out>
      <![CDATA[Running logout TC]]>
    </system-out>
  </testcase> <!-- logout -->
  <testcase classname="TestNG.Example5_Keyword5_dependOnMethod2" name="login1" time="0.020">
    <system-out>
      <![CDATA[Running login1 TC]]>
    </system-out>
  </testcase> <!-- login1 -->
  <system-out>
    <![CDATA[Running login1 TC
Running login2 TC
Running logout TC]]>
  </system-out>
</testsuite> <!-- TestNG.Example5_Keyword5_dependOnMethod2 -->
